2026-04-27 00:00:00 [scheduling-1] INFO  c.wechat.tools.task.FileCleanupTask - 文件清理任务完成，删除过期文件数量: 1
2026-04-27 01:00:00 [scheduling-1] INFO  c.wechat.tools.task.FileCleanupTask - 文件清理任务完成，删除过期文件数量: 5
2026-04-27 01:21:37 [File Watcher] INFO  o.s.b.d.a.LocalDevToolsAutoConfiguration$RestartingClassPathChangeChangedEventListener - Restarting due to 13 class path changes (0 additions, 13 deletions, 0 modifications)
2026-04-27 01:21:37 [Thread-5] INFO  o.a.coyote.http11.Http11NioProtocol - Stopping ProtocolHandler ["http-nio-8080"]
2026-04-27 01:21:37 [restartedMain] INFO  c.w.tools.WechatToolsApplication - Starting WechatToolsApplication using Java 23.0.1 with PID 67680 (C:\Users\X\Desktop\wechat-tools\backend\target\classes started by x in C:\Users\X\Desktop\wechat-tools)
2026-04-27 01:21:37 [restartedMain] DEBUG c.w.tools.WechatToolsApplication - Running with Spring Boot v3.2.4, Spring v6.1.5
2026-04-27 01:21:37 [restartedMain] INFO  c.w.tools.WechatToolsApplication - No active profile set, falling back to 1 default profile: "default"
2026-04-27 01:21:38 [restartedMain] INFO  o.s.b.w.e.tomcat.TomcatWebServer - Tomcat initialized with port 8080 (http)
2026-04-27 01:21:38 [restartedMain] INFO  o.a.c.core.AprLifecycleListener - An older version [1.3.1] of the Apache Tomcat Native library is installed, while Tomcat recommends a minimum version of [2.0.5]
2026-04-27 01:21:38 [restartedMain] INFO  o.a.c.core.AprLifecycleListener - Loaded Apache Tomcat Native library [1.3.1] using APR version [1.7.4].
2026-04-27 01:21:38 [restartedMain] INFO  o.a.c.core.AprLifecycleListener - OpenSSL successfully initialized [OpenSSL 3.0.14 4 Jun 2024]
2026-04-27 01:21:38 [restartedMain] INFO  o.a.coyote.http11.Http11NioProtocol - Initializing ProtocolHandler ["http-nio-8080"]
2026-04-27 01:21:38 [restartedMain] INFO  o.a.catalina.core.StandardService - Starting service [Tomcat]
2026-04-27 01:21:38 [restartedMain] INFO  o.a.catalina.core.StandardEngine - Starting Servlet engine: [Apache Tomcat/10.1.19]
2026-04-27 01:21:38 [restartedMain] INFO  o.a.c.c.C.[.[localhost].[/api] - Initializing Spring embedded WebApplicationContext
2026-04-27 01:21:38 [restartedMain] INFO  o.s.b.w.s.c.ServletWebServerApplicationContext - Root WebApplicationContext: initialization completed in 717 ms
2026-04-27 01:21:38 [restartedMain] WARN  o.s.b.w.s.c.AnnotationConfigServletWebServerApplicationContext - Exception encountered during context initialization - cancelling refresh attempt: org.springframework.beans.factory.UnsatisfiedDependencyException: Error creating bean with name 'fileController' defined in file [C:\Users\X\Desktop\wechat-tools\backend\target\classes\com\wechat\tools\controller\FileController.class]: Unsatisfied dependency expressed through constructor parameter 0: No qualifying bean of type 'com.wechat.tools.service.FileStorageService' available: expected at least 1 bean which qualifies as autowire candidate. Dependency annotations: {}
2026-04-27 01:21:38 [restartedMain] INFO  o.a.catalina.core.StandardService - Stopping service [Tomcat]
2026-04-27 01:21:38 [restartedMain] INFO  o.s.b.a.l.ConditionEvaluationReportLogger - 

Error starting ApplicationContext. To display the condition evaluation report re-run your application with 'debug' enabled.
2026-04-27 01:21:38 [restartedMain] ERROR o.s.b.d.LoggingFailureAnalysisReporter - 

***************************
APPLICATION FAILED TO START
***************************

Description:

Parameter 0 of constructor in com.wechat.tools.controller.FileController required a bean of type 'com.wechat.tools.service.FileStorageService' that could not be found.


Action:

Consider defining a bean of type 'com.wechat.tools.service.FileStorageService' in your configuration.

2026-04-27 01:21:42 [restartedMain] INFO  c.w.tools.WechatToolsApplication - Starting WechatToolsApplication using Java 23.0.1 with PID 67680 (C:\Users\X\Desktop\wechat-tools\backend\target\classes started by x in C:\Users\X\Desktop\wechat-tools)
2026-04-27 01:21:42 [restartedMain] DEBUG c.w.tools.WechatToolsApplication - Running with Spring Boot v3.2.4, Spring v6.1.5
2026-04-27 01:21:42 [restartedMain] INFO  c.w.tools.WechatToolsApplication - No active profile set, falling back to 1 default profile: "default"
2026-04-27 01:21:43 [restartedMain] INFO  o.s.b.w.e.tomcat.TomcatWebServer - Tomcat initialized with port 8080 (http)
2026-04-27 01:21:43 [restartedMain] INFO  o.a.c.core.AprLifecycleListener - An older version [1.3.1] of the Apache Tomcat Native library is installed, while Tomcat recommends a minimum version of [2.0.5]
2026-04-27 01:21:43 [restartedMain] INFO  o.a.c.core.AprLifecycleListener - Loaded Apache Tomcat Native library [1.3.1] using APR version [1.7.4].
2026-04-27 01:21:43 [restartedMain] INFO  o.a.c.core.AprLifecycleListener - OpenSSL successfully initialized [OpenSSL 3.0.14 4 Jun 2024]
2026-04-27 01:21:43 [restartedMain] INFO  o.a.coyote.http11.Http11NioProtocol - Initializing ProtocolHandler ["http-nio-8080"]
2026-04-27 01:21:43 [restartedMain] INFO  o.a.catalina.core.StandardService - Starting service [Tomcat]
2026-04-27 01:21:43 [restartedMain] INFO  o.a.catalina.core.StandardEngine - Starting Servlet engine: [Apache Tomcat/10.1.19]
2026-04-27 01:21:43 [restartedMain] INFO  o.a.c.c.C.[.[localhost].[/api] - Initializing Spring embedded WebApplicationContext
2026-04-27 01:21:43 [restartedMain] INFO  o.s.b.w.s.c.ServletWebServerApplicationContext - Root WebApplicationContext: initialization completed in 322 ms
2026-04-27 01:21:43 [restartedMain] INFO  o.s.b.d.a.OptionalLiveReloadServer - LiveReload server is running on port 35729
2026-04-27 01:21:43 [restartedMain] INFO  o.a.coyote.http11.Http11NioProtocol - Starting ProtocolHandler ["http-nio-8080"]
2026-04-27 01:21:43 [restartedMain] INFO  o.s.b.w.e.tomcat.TomcatWebServer - Tomcat started on port 8080 (http) with context path '/api'
2026-04-27 01:21:43 [restartedMain] INFO  c.w.tools.WechatToolsApplication - Started WechatToolsApplication in 0.577 seconds (process running for 7084.967)
2026-04-27 01:21:43 [restartedMain] INFO  o.s.b.d.a.ConditionEvaluationDeltaLoggingListener - Condition evaluation unchanged
2026-04-27 02:00:00 [scheduling-1] INFO  c.wechat.tools.task.FileCleanupTask - 文件清理任务完成，删除过期文件数量: 4
2026-04-27 03:00:00 [scheduling-1] INFO  c.wechat.tools.task.FileCleanupTask - 文件清理任务完成，删除过期文件数量: 8
2026-04-27 04:00:00 [scheduling-1] INFO  c.wechat.tools.task.FileCleanupTask - 文件清理任务完成，删除过期文件数量: 0
2026-04-27 05:00:00 [scheduling-1] INFO  c.wechat.tools.task.FileCleanupTask - 文件清理任务完成，删除过期文件数量: 0
2026-04-27 06:00:00 [scheduling-1] INFO  c.wechat.tools.task.FileCleanupTask - 文件清理任务完成，删除过期文件数量: 0
2026-04-27 07:00:00 [scheduling-1] INFO  c.wechat.tools.task.FileCleanupTask - 文件清理任务完成，删除过期文件数量: 0
2026-04-27 07:41:43 [background-preinit] INFO  o.h.validator.internal.util.Version - HV000001: Hibernate Validator 8.0.1.Final
2026-04-27 07:41:43 [restartedMain] INFO  c.w.tools.WechatToolsApplication - Starting WechatToolsApplication using Java 23.0.1 with PID 83440 (C:\Users\X\Desktop\wechat-tools\backend\target\classes started by x in C:\Users\X\Desktop\wechat-tools)
2026-04-27 07:41:43 [restartedMain] DEBUG c.w.tools.WechatToolsApplication - Running with Spring Boot v3.2.4, Spring v6.1.5
2026-04-27 07:41:43 [restartedMain] INFO  c.w.tools.WechatToolsApplication - No active profile set, falling back to 1 default profile: "default"
2026-04-27 07:41:43 [restartedMain] INFO  o.s.b.d.e.DevToolsPropertyDefaultsPostProcessor - Devtools property defaults active! Set 'spring.devtools.add-properties' to 'false' to disable
2026-04-27 07:41:43 [restartedMain] INFO  o.s.b.d.e.DevToolsPropertyDefaultsPostProcessor - For additional web related logging consider setting the 'logging.level.web' property to 'DEBUG'
2026-04-27 07:41:44 [restartedMain] INFO  o.s.b.w.e.tomcat.TomcatWebServer - Tomcat initialized with port 8080 (http)
2026-04-27 07:41:44 [restartedMain] INFO  o.a.c.core.AprLifecycleListener - An older version [1.3.1] of the Apache Tomcat Native library is installed, while Tomcat recommends a minimum version of [2.0.5]
2026-04-27 07:41:44 [restartedMain] INFO  o.a.c.core.AprLifecycleListener - Loaded Apache Tomcat Native library [1.3.1] using APR version [1.7.4].
2026-04-27 07:41:44 [restartedMain] INFO  o.a.c.core.AprLifecycleListener - OpenSSL successfully initialized [OpenSSL 3.0.14 4 Jun 2024]
2026-04-27 07:41:44 [restartedMain] INFO  o.a.coyote.http11.Http11NioProtocol - Initializing ProtocolHandler ["http-nio-8080"]
2026-04-27 07:41:44 [restartedMain] INFO  o.a.catalina.core.StandardService - Starting service [Tomcat]
2026-04-27 07:41:44 [restartedMain] INFO  o.a.catalina.core.StandardEngine - Starting Servlet engine: [Apache Tomcat/10.1.19]
2026-04-27 07:41:44 [restartedMain] INFO  o.a.c.c.C.[.[localhost].[/api] - Initializing Spring embedded WebApplicationContext
2026-04-27 07:41:44 [restartedMain] INFO  o.s.b.w.s.c.ServletWebServerApplicationContext - Root WebApplicationContext: initialization completed in 1184 ms
2026-04-27 07:41:45 [restartedMain] INFO  o.s.b.d.a.OptionalLiveReloadServer - LiveReload server is running on port 35729
2026-04-27 07:41:45 [restartedMain] INFO  o.a.coyote.http11.Http11NioProtocol - Starting ProtocolHandler ["http-nio-8080"]
2026-04-27 07:41:45 [restartedMain] INFO  o.s.b.w.e.tomcat.TomcatWebServer - Tomcat started on port 8080 (http) with context path '/api'
2026-04-27 07:41:45 [restartedMain] INFO  c.w.tools.WechatToolsApplication - Started WechatToolsApplication in 2.628 seconds (process running for 3.57)
2026-04-27 07:45:56 [http-nio-8080-exec-1] INFO  o.a.c.c.C.[.[localhost].[/api] - Initializing Spring DispatcherServlet 'dispatcherServlet'
2026-04-27 07:45:56 [http-nio-8080-exec-1] INFO  o.s.web.servlet.DispatcherServlet - Initializing Servlet 'dispatcherServlet'
2026-04-27 07:45:56 [http-nio-8080-exec-1] INFO  o.s.web.servlet.DispatcherServlet - Completed initialization in 2 ms
2026-04-27 08:00:00 [scheduling-1] INFO  c.wechat.tools.task.FileCleanupTask - 文件清理任务完成，删除过期文件数量: 0
2026-04-27 08:03:15 [File Watcher] INFO  o.s.b.d.a.LocalDevToolsAutoConfiguration$RestartingClassPathChangeChangedEventListener - Restarting due to 15 class path changes (0 additions, 15 deletions, 0 modifications)
2026-04-27 08:03:15 [Thread-5] INFO  o.a.coyote.http11.Http11NioProtocol - Stopping ProtocolHandler ["http-nio-8080"]
2026-04-27 08:03:15 [restartedMain] INFO  c.w.tools.WechatToolsApplication - Starting WechatToolsApplication using Java 23.0.1 with PID 83440 (C:\Users\X\Desktop\wechat-tools\backend\target\classes started by x in C:\Users\X\Desktop\wechat-tools)
2026-04-27 08:03:15 [restartedMain] DEBUG c.w.tools.WechatToolsApplication - Running with Spring Boot v3.2.4, Spring v6.1.5
2026-04-27 08:03:15 [restartedMain] INFO  c.w.tools.WechatToolsApplication - No active profile set, falling back to 1 default profile: "default"
2026-04-27 08:03:16 [restartedMain] INFO  o.s.b.w.e.tomcat.TomcatWebServer - Tomcat initialized with port 8080 (http)
2026-04-27 08:03:16 [restartedMain] INFO  o.a.c.core.AprLifecycleListener - An older version [1.3.1] of the Apache Tomcat Native library is installed, while Tomcat recommends a minimum version of [2.0.5]
2026-04-27 08:03:16 [restartedMain] INFO  o.a.c.core.AprLifecycleListener - Loaded Apache Tomcat Native library [1.3.1] using APR version [1.7.4].
2026-04-27 08:03:16 [restartedMain] INFO  o.a.c.core.AprLifecycleListener - OpenSSL successfully initialized [OpenSSL 3.0.14 4 Jun 2024]
2026-04-27 08:03:16 [restartedMain] INFO  o.a.coyote.http11.Http11NioProtocol - Initializing ProtocolHandler ["http-nio-8080"]
2026-04-27 08:03:16 [restartedMain] INFO  o.a.catalina.core.StandardService - Starting service [Tomcat]
2026-04-27 08:03:16 [restartedMain] INFO  o.a.catalina.core.StandardEngine - Starting Servlet engine: [Apache Tomcat/10.1.19]
2026-04-27 08:03:16 [restartedMain] INFO  o.a.c.c.C.[.[localhost].[/api] - Initializing Spring embedded WebApplicationContext
2026-04-27 08:03:16 [restartedMain] INFO  o.s.b.w.s.c.ServletWebServerApplicationContext - Root WebApplicationContext: initialization completed in 502 ms
2026-04-27 08:03:16 [restartedMain] WARN  o.s.b.w.s.c.AnnotationConfigServletWebServerApplicationContext - Exception encountered during context initialization - cancelling refresh attempt: org.springframework.beans.factory.UnsatisfiedDependencyException: Error creating bean with name 'fileController' defined in file [C:\Users\X\Desktop\wechat-tools\backend\target\classes\com\wechat\tools\controller\FileController.class]: Unsatisfied dependency expressed through constructor parameter 0: No qualifying bean of type 'com.wechat.tools.service.FileStorageService' available: expected at least 1 bean which qualifies as autowire candidate. Dependency annotations: {}
2026-04-27 08:03:16 [restartedMain] INFO  o.a.catalina.core.StandardService - Stopping service [Tomcat]
2026-04-27 08:03:16 [restartedMain] INFO  o.s.b.a.l.ConditionEvaluationReportLogger - 

Error starting ApplicationContext. To display the condition evaluation report re-run your application with 'debug' enabled.
2026-04-27 08:03:16 [restartedMain] ERROR o.s.b.d.LoggingFailureAnalysisReporter - 

***************************
APPLICATION FAILED TO START
***************************

Description:

Parameter 0 of constructor in com.wechat.tools.controller.FileController required a bean of type 'com.wechat.tools.service.FileStorageService' that could not be found.


Action:

Consider defining a bean of type 'com.wechat.tools.service.FileStorageService' in your configuration.

2026-04-27 08:03:19 [restartedMain] INFO  c.w.tools.WechatToolsApplication - Starting WechatToolsApplication using Java 23.0.1 with PID 83440 (C:\Users\X\Desktop\wechat-tools\backend\target\classes started by x in C:\Users\X\Desktop\wechat-tools)
2026-04-27 08:03:19 [restartedMain] DEBUG c.w.tools.WechatToolsApplication - Running with Spring Boot v3.2.4, Spring v6.1.5
2026-04-27 08:03:19 [restartedMain] INFO  c.w.tools.WechatToolsApplication - No active profile set, falling back to 1 default profile: "default"
2026-04-27 08:03:19 [restartedMain] INFO  o.s.b.w.e.tomcat.TomcatWebServer - Tomcat initialized with port 8080 (http)
2026-04-27 08:03:19 [restartedMain] INFO  o.a.c.core.AprLifecycleListener - An older version [1.3.1] of the Apache Tomcat Native library is installed, while Tomcat recommends a minimum version of [2.0.5]
2026-04-27 08:03:19 [restartedMain] INFO  o.a.c.core.AprLifecycleListener - Loaded Apache Tomcat Native library [1.3.1] using APR version [1.7.4].
2026-04-27 08:03:19 [restartedMain] INFO  o.a.c.core.AprLifecycleListener - OpenSSL successfully initialized [OpenSSL 3.0.14 4 Jun 2024]
2026-04-27 08:03:19 [restartedMain] INFO  o.a.coyote.http11.Http11NioProtocol - Initializing ProtocolHandler ["http-nio-8080"]
2026-04-27 08:03:19 [restartedMain] INFO  o.a.catalina.core.StandardService - Starting service [Tomcat]
2026-04-27 08:03:19 [restartedMain] INFO  o.a.catalina.core.StandardEngine - Starting Servlet engine: [Apache Tomcat/10.1.19]
2026-04-27 08:03:19 [restartedMain] INFO  o.a.c.c.C.[.[localhost].[/api] - Initializing Spring embedded WebApplicationContext
2026-04-27 08:03:19 [restartedMain] INFO  o.s.b.w.s.c.ServletWebServerApplicationContext - Root WebApplicationContext: initialization completed in 295 ms
2026-04-27 08:03:19 [restartedMain] INFO  o.s.b.d.a.OptionalLiveReloadServer - LiveReload server is running on port 35729
2026-04-27 08:03:19 [restartedMain] INFO  o.a.coyote.http11.Http11NioProtocol - Starting ProtocolHandler ["http-nio-8080"]
2026-04-27 08:03:19 [restartedMain] INFO  o.s.b.w.e.tomcat.TomcatWebServer - Tomcat started on port 8080 (http) with context path '/api'
2026-04-27 08:03:19 [restartedMain] INFO  c.w.tools.WechatToolsApplication - Started WechatToolsApplication in 0.551 seconds (process running for 1298.107)
2026-04-27 08:03:19 [restartedMain] INFO  o.s.b.d.a.ConditionEvaluationDeltaLoggingListener - Condition evaluation unchanged
